<?xml version="1.0" encoding="UTF-8"?>
<!-- Generated by org.testng.reporters.JUnitReportReporter -->
<testsuite skipped="0" hostname="DESKTOP-S2A4LDH" name="basicTestng.Actitime_innovationcount" tests="5" failures="0" timestamp="2023-01-26T17:21:04 IST" time="0.012" errors="0">
  <testcase name="openBrowserAndAppURL" time="0.001" classname="basicTestng.Actitime_innovationcount"/>
  <system-out/>
  <testcase name="openBrowserAndAppURL" time="0.000" classname="basicTestng.Actitime_innovationcount"/>
  <system-out/>
  <testcase name="openBrowserAndAppURL" time="0.010" classname="basicTestng.Actitime_innovationcount"/>
  <system-out/>
  <testcase name="openBrowserAndAppURL" time="0.000" classname="basicTestng.Actitime_innovationcount"/>
  <system-out/>
  <testcase name="openBrowserAndAppURL" time="0.001" classname="basicTestng.Actitime_innovationcount"/>
  <system-out/>
</testsuite> <!-- basicTestng.Actitime_innovationcount -->
