<?xml version="1.0" encoding="UTF-8"?>
<!-- Generated by org.testng.reporters.JUnitReportReporter -->
<testsuite skipped="0" hostname="DESKTOP-S2A4LDH" name="basicTestng.sample2" tests="3" failures="0" timestamp="2023-02-21T23:15:59 IST" time="0.009" errors="0">
  <testcase name="testCase2" time="0.000" classname="basicTestng.sample2"/>
  <system-out/>
  <testcase name="testCase3" time="0.000" classname="basicTestng.sample2"/>
  <system-out/>
  <testcase name="testCase1" time="0.009" classname="basicTestng.sample2"/>
  <system-out/>
</testsuite> <!-- basicTestng.sample2 -->
