<?xml version="1.0" encoding="UTF-8"?>
<!-- Generated by org.testng.reporters.JUnitReportReporter -->
<testsuite skipped="0" hostname="DESKTOP-S2A4LDH" name="basicTestng.sample1" tests="1" failures="0" timestamp="2023-01-26T16:56:10 IST" time="0.010" errors="0">
  <testcase name="testCase1" time="0.010" classname="basicTestng.sample1"/>
  <system-out/>
</testsuite> <!-- basicTestng.sample1 -->
