<?xml version="1.0" encoding="UTF-8"?>
<!-- Generated by org.testng.reporters.JUnitReportReporter -->
<testsuite skipped="0" hostname="DESKTOP-S2A4LDH" name="AdvanceTesting.IncludeandExcludeTestmethod" tests="3" failures="0" timestamp="2023-02-02T14:56:46 IST" time="0.012" errors="0">
  <testcase name="addLocationTestCase" time="0.001" classname="AdvanceTesting.IncludeandExcludeTestmethod"/>
  <system-out/>
  <testcase name="addDepartmentTestCase" time="0.011" classname="AdvanceTesting.IncludeandExcludeTestmethod"/>
  <system-out/>
  <testcase name="addEmployeeTestCase" time="0.000" classname="AdvanceTesting.IncludeandExcludeTestmethod"/>
  <system-out/>
</testsuite> <!-- AdvanceTesting.IncludeandExcludeTestmethod -->
