<?xml version="1.0" encoding="UTF-8"?>
<!-- Generated by org.testng.reporters.JUnitReportReporter -->
<testsuite skipped="2" hostname="DESKTOP-S2A4LDH" name="basicTestng.ActitimeEnable" tests="4" failures="0" timestamp="2023-01-26T17:11:25 IST" time="0.011" errors="0">
  <testcase name="logoutClose" time="0.010" classname="basicTestng.ActitimeEnable"/>
  <system-out/>
  <testcase name="openBrowserAndAppURL" time="0.001" classname="basicTestng.ActitimeEnable"/>
  <system-out/>
  <testcase name="createTask" classname="basicTestng.ActitimeEnable">
    <skipped/>
  </testcase> <!-- createTask -->
  <system-out/>
  <testcase name="login" classname="basicTestng.ActitimeEnable">
    <skipped/>
  </testcase> <!-- login -->
  <system-out/>
</testsuite> <!-- basicTestng.ActitimeEnable -->
