<?xml version="1.0" encoding="UTF-8"?>
<!-- Generated by org.testng.reporters.JUnitReportReporter -->
<testsuite skipped="0" hostname="DESKTOP-S2A4LDH" name="AdvanceTesting.GroupExamples" tests="5" failures="0" timestamp="2023-02-02T14:54:22 IST" time="0.014" errors="0">
  <testcase name="testCaseTwo" time="0.001" classname="AdvanceTesting.GroupExamples"/>
  <system-out/>
  <testcase name="testCaseOne" time="0.001" classname="AdvanceTesting.GroupExamples"/>
  <system-out/>
  <testcase name="testCaseFive" time="0.010" classname="AdvanceTesting.GroupExamples"/>
  <system-out/>
  <testcase name="testCaseFour" time="0.001" classname="AdvanceTesting.GroupExamples"/>
  <system-out/>
  <testcase name="testCaseThree" time="0.001" classname="AdvanceTesting.GroupExamples"/>
  <system-out/>
</testsuite> <!-- AdvanceTesting.GroupExamples -->
