<?xml version="1.0" encoding="UTF-8"?>
<!-- Generated by org.testng.reporters.JUnitReportReporter -->
<testsuite skipped="0" hostname="DESKTOP-S2A4LDH" name="basicTestng.Actitime_ExceptionandTimeout" tests="2" failures="0" timestamp="2023-02-21T23:04:16 IST" time="0.507" errors="0">
  <testcase name="dividedByZeroExample1" time="0.003" classname="basicTestng.Actitime_ExceptionandTimeout"/>
  <system-out/>
  <testcase name="executetimeOut" time="0.504" classname="basicTestng.Actitime_ExceptionandTimeout"/>
  <system-out/>
</testsuite> <!-- basicTestng.Actitime_ExceptionandTimeout -->
