<?xml version="1.0" encoding="UTF-8"?>
<!-- Generated by org.testng.reporters.JUnitReportReporter -->
<testsuite skipped="0" hostname="DESKTOP-S2A4LDH" name="basicTestng.Actitime_Priority" tests="4" failures="0" timestamp="2023-01-26T17:24:19 IST" time="0.016" errors="0">
  <testcase name="openBrowserAndAppURL" time="0.011" classname="basicTestng.Actitime_Priority"/>
  <system-out/>
  <testcase name="login" time="0.000" classname="basicTestng.Actitime_Priority"/>
  <system-out/>
  <testcase name="createTask" time="0.003" classname="basicTestng.Actitime_Priority"/>
  <system-out/>
  <testcase name="logoutClose" time="0.002" classname="basicTestng.Actitime_Priority"/>
  <system-out/>
</testsuite> <!-- basicTestng.Actitime_Priority -->
