<?xml version="1.0" encoding="UTF-8"?>
<!-- Generated by org.testng.reporters.JUnitReportReporter -->
<testsuite skipped="0" hostname="DESKTOP-S2A4LDH" name="basicTestng.sample3" tests="3" failures="0" timestamp="2023-01-26T17:01:38 IST" time="0.012" errors="0">
  <testcase name="signUp" time="0.001" classname="basicTestng.sample3"/>
  <system-out/>
  <testcase name="compose" time="0.010" classname="basicTestng.sample3"/>
  <system-out/>
  <testcase name="login" time="0.001" classname="basicTestng.sample3"/>
  <system-out/>
</testsuite> <!-- basicTestng.sample3 -->
