<?xml version="1.0" encoding="UTF-8"?>
<!-- Generated by org.testng.reporters.JUnitReportReporter -->
<testsuite skipped="0" hostname="DESKTOP-S2A4LDH" name="basicTestng.sample4" tests="3" failures="0" timestamp="2023-01-26T17:02:56 IST" time="0.011" errors="0">
  <testcase name="c_compose" time="0.001" classname="basicTestng.sample4"/>
  <system-out/>
  <testcase name="a_signUp" time="0.009" classname="basicTestng.sample4"/>
  <system-out/>
  <testcase name="b_login" time="0.001" classname="basicTestng.sample4"/>
  <system-out/>
</testsuite> <!-- basicTestng.sample4 -->
