<?xml version="1.0" encoding="UTF-8"?>
<!-- Generated by org.testng.reporters.JUnitReportReporter -->
<testsuite skipped="0" hostname="DESKTOP-S2A4LDH" name="basicTestng.demo1" tests="1" failures="0" timestamp="2023-01-26T16:04:12 IST" time="0.006" errors="0">
  <testcase name="example1" time="0.006" classname="basicTestng.demo1"/>
  <system-out/>
</testsuite> <!-- basicTestng.demo1 -->
